This file contains any messages produced by compilers while
running configure, to aid debugging if configure makes a mistake.

It was created by standard.lib.poppler configure 1.0, which was
generated by GNU Autoconf 2.59.  Invocation command line was

  $ ./configure 

## --------- ##
## Platform. ##
## --------- ##

hostname = host8110.wns.ro
uname -m = i386
uname -r = 9.1-RELEASE
uname -s = FreeBSD
uname -v = FreeBSD 9.1-RELEASE #0 r243826: Tue Dec  4 06:55:39 UTC 2012     root@obrian.cse.buffalo.edu:/usr/obj/usr/src/sys/GENERIC 

/usr/bin/uname -p = i386
/bin/uname -X     = unknown

/bin/arch              = unknown
/usr/bin/arch -k       = unknown
/usr/convex/getsysinfo = unknown
hostinfo               = unknown
/bin/machine           = unknown
/usr/bin/oslevel       = unknown
/bin/universe          = unknown

PATH: /sbin
PATH: /bin
PATH: /usr/sbin
PATH: /usr/bin
PATH: /usr/games
PATH: /usr/local/sbin
PATH: /usr/local/bin
PATH: /home/eduard/bin


## ----------- ##
## Core tests. ##
## ----------- ##

configure:1337: checking for a BSD-compatible install
configure:1392: result: /usr/bin/install -c
configure:1403: checking whether build environment is sane
configure:1446: result: yes
configure:1511: checking for gawk
configure:1540: result: no
configure:1511: checking for mawk
configure:1540: result: no
configure:1511: checking for nawk
configure:1527: found /usr/bin/nawk
configure:1537: result: nawk
configure:1547: checking whether make sets $(MAKE)
configure:1567: result: yes
configure:1792: checking for g++
configure:1808: found /usr/bin/g++
configure:1818: result: g++
configure:1834: checking for C++ compiler version
configure:1837: g++ --version </dev/null >&5
g++ (GCC) 4.2.1 20070831 patched [FreeBSD]
Copyright (C) 2007 Free Software Foundation, Inc.
This is free software; see the source for copying conditions.  There is NO
warranty; not even for MERCHANTABILITY or FITNESS FOR A PARTICULAR PURPOSE.

configure:1840: $? = 0
configure:1842: g++ -v </dev/null >&5
Using built-in specs.
Target: i386-undermydesk-freebsd
Configured with: FreeBSD/i386 system compiler
Thread model: posix
gcc version 4.2.1 20070831 patched [FreeBSD]
configure:1845: $? = 0
configure:1847: g++ -V </dev/null >&5
g++: '-V' option must have argument
configure:1850: $? = 1
configure:1873: checking for C++ compiler default output file name
configure:1876: g++    conftest.cc  >&5
configure:1879: $? = 0
configure:1925: result: a.out
configure:1930: checking whether the C++ compiler works
configure:1936: ./a.out
configure:1939: $? = 0
configure:1956: result: yes
configure:1963: checking whether we are cross compiling
configure:1965: result: no
configure:1968: checking for suffix of executables
configure:1970: g++ -o conftest    conftest.cc  >&5
configure:1973: $? = 0
configure:1998: result: 
configure:2004: checking for suffix of object files
configure:2025: g++ -c   conftest.cc >&5
configure:2028: $? = 0
configure:2050: result: o
configure:2054: checking whether we are using the GNU C++ compiler
configure:2078: g++ -c   conftest.cc >&5
configure:2084: $? = 0
configure:2088: test -z 
			 || test ! -s conftest.err
configure:2091: $? = 0
configure:2094: test -s conftest.o
configure:2097: $? = 0
configure:2110: result: yes
configure:2116: checking whether g++ accepts -g
configure:2137: g++ -c -g  conftest.cc >&5
configure:2143: $? = 0
configure:2147: test -z 
			 || test ! -s conftest.err
configure:2150: $? = 0
configure:2153: test -s conftest.o
configure:2156: $? = 0
configure:2167: result: yes
configure:2209: g++ -c -g -O2  conftest.cc >&5
configure:2215: $? = 0
configure:2219: test -z 
			 || test ! -s conftest.err
configure:2222: $? = 0
configure:2225: test -s conftest.o
configure:2228: $? = 0
configure:2254: g++ -c -g -O2  conftest.cc >&5
conftest.cc: In function 'int main()':
conftest.cc:15: error: 'exit' was not declared in this scope
configure:2260: $? = 1
configure: failed program was:
| /* confdefs.h.  */
| 
| #define PACKAGE_NAME "standard.lib.poppler"
| #define PACKAGE_TARNAME "standard-lib-poppler"
| #define PACKAGE_VERSION "1.0"
| #define PACKAGE_STRING "standard.lib.poppler 1.0"
| #define PACKAGE_BUGREPORT "eduard@radgs.ro"
| #define PACKAGE "standard.lib.poppler"
| #define VERSION "1.0"
| /* end confdefs.h.  */
| 
| int
| main ()
| {
| exit (42);
|   ;
|   return 0;
| }

## ---------------- ##
## Cache variables. ##
## ---------------- ##

ac_cv_cxx_compiler_gnu=yes
ac_cv_env_CC_set=''
ac_cv_env_CC_value=''
ac_cv_env_CFLAGS_set=''
ac_cv_env_CFLAGS_value=''
ac_cv_env_CPPFLAGS_set=''
ac_cv_env_CPPFLAGS_value=''
ac_cv_env_CXXFLAGS_set=''
ac_cv_env_CXXFLAGS_value=''
ac_cv_env_CXX_set=''
ac_cv_env_CXX_value=''
ac_cv_env_LDFLAGS_set=''
ac_cv_env_LDFLAGS_value=''
ac_cv_env_PKG_CONFIG_set=''
ac_cv_env_PKG_CONFIG_value=''
ac_cv_env_POPPLER_CFLAGS_set=''
ac_cv_env_POPPLER_CFLAGS_value=''
ac_cv_env_POPPLER_LIBS_set=''
ac_cv_env_POPPLER_LIBS_value=''
ac_cv_env_build_alias_set=''
ac_cv_env_build_alias_value=''
ac_cv_env_host_alias_set=''
ac_cv_env_host_alias_value=''
ac_cv_env_target_alias_set=''
ac_cv_env_target_alias_value=''
ac_cv_exeext=''
ac_cv_objext=o
ac_cv_path_install='/usr/bin/install -c'
ac_cv_prog_AWK=nawk
ac_cv_prog_ac_ct_CXX=g++
ac_cv_prog_cxx_g=yes
ac_cv_prog_make_make_set=yes

## ----------------- ##
## Output variables. ##
## ----------------- ##

ACLOCAL='${SHELL} /usr/home/eduard/radgs/ConceptDistribution/serverplatform3/modules/standard.lib.poppler/missing --run aclocal-1.9'
AMDEPBACKSLASH=''
AMDEP_FALSE=''
AMDEP_TRUE=''
AMTAR='${SHELL} /usr/home/eduard/radgs/ConceptDistribution/serverplatform3/modules/standard.lib.poppler/missing --run tar'
AUTOCONF='${SHELL} /usr/home/eduard/radgs/ConceptDistribution/serverplatform3/modules/standard.lib.poppler/missing --run autoconf'
AUTOHEADER='${SHELL} /usr/home/eduard/radgs/ConceptDistribution/serverplatform3/modules/standard.lib.poppler/missing --run autoheader'
AUTOMAKE='${SHELL} /usr/home/eduard/radgs/ConceptDistribution/serverplatform3/modules/standard.lib.poppler/missing --run automake-1.9'
AWK='nawk'
CC=''
CCDEPMODE=''
CFLAGS=''
CPPFLAGS=''
CXX='g++'
CXXDEPMODE=''
CXXFLAGS='-g -O2'
CYGPATH_W='echo'
DEFS=''
DEPDIR=''
ECHO_C=''
ECHO_N='-n'
ECHO_T=''
EXEEXT=''
INSTALL_DATA='${INSTALL} -m 644'
INSTALL_PROGRAM='${INSTALL}'
INSTALL_SCRIPT='${INSTALL}'
INSTALL_STRIP_PROGRAM='${SHELL} $(install_sh) -c -s'
LDFLAGS=''
LIBOBJS=''
LIBS=''
LTLIBOBJS=''
MAKEINFO='${SHELL} /usr/home/eduard/radgs/ConceptDistribution/serverplatform3/modules/standard.lib.poppler/missing --run makeinfo'
OBJEXT='o'
PACKAGE='standard.lib.poppler'
PACKAGE_BUGREPORT='eduard@radgs.ro'
PACKAGE_NAME='standard.lib.poppler'
PACKAGE_STRING='standard.lib.poppler 1.0'
PACKAGE_TARNAME='standard-lib-poppler'
PACKAGE_VERSION='1.0'
PATH_SEPARATOR=':'
PKG_CONFIG=''
POPPLER_CFLAGS=''
POPPLER_LIBS=''
SET_MAKE=''
SHELL='/bin/sh'
STRIP=''
VERSION='1.0'
ac_ct_CC=''
ac_ct_CXX='g++'
ac_ct_STRIP=''
ac_pt_PKG_CONFIG=''
am__fastdepCC_FALSE=''
am__fastdepCC_TRUE=''
am__fastdepCXX_FALSE=''
am__fastdepCXX_TRUE=''
am__include=''
am__leading_dot='.'
am__quote=''
am__tar='${AMTAR} chof - "$$tardir"'
am__untar='${AMTAR} xf -'
bindir='${exec_prefix}/bin'
build_alias=''
datadir='${prefix}/share'
exec_prefix='NONE'
host_alias=''
includedir='${prefix}/include'
infodir='${prefix}/info'
install_sh='/usr/home/eduard/radgs/ConceptDistribution/serverplatform3/modules/standard.lib.poppler/install-sh'
libdir='${exec_prefix}/lib'
libexecdir='${exec_prefix}/libexec'
localstatedir='${prefix}/var'
mandir='${prefix}/man'
mkdir_p='$(install_sh) -d'
oldincludedir='/usr/include'
prefix='NONE'
program_transform_name='s,x,x,'
sbindir='${exec_prefix}/sbin'
sharedstatedir='${prefix}/com'
sysconfdir='${prefix}/etc'
target_alias=''

## ----------- ##
## confdefs.h. ##
## ----------- ##

#define PACKAGE "standard.lib.poppler"
#define PACKAGE_BUGREPORT "eduard@radgs.ro"
#define PACKAGE_NAME "standard.lib.poppler"
#define PACKAGE_STRING "standard.lib.poppler 1.0"
#define PACKAGE_TARNAME "standard-lib-poppler"
#define PACKAGE_VERSION "1.0"
#define VERSION "1.0"

configure: caught signal 2
configure: exit 1
